[I 18:45:01.646 NotebookApp] Serving notebooks from local directory: /Users/abc/Desktop/fall2017/capstone/precrime
[I 18:45:01.646 NotebookApp] 0 active kernels 
[I 18:45:01.646 NotebookApp] The Jupyter Notebook is running at: http://localhost:8888/?token=faf4a23bfd479b9e89ff7c34d4c9f3bfb54f520e325e70f1
[I 18:45:01.646 NotebookApp] Use Control-C to stop this server and shut down all kernels (twice to skip confirmation).
[C 18:45:01.663 NotebookApp] 
    
    Copy/paste this URL into your browser when you connect for the first time,
    to login with a token:
        http://localhost:8888/?token=faf4a23bfd479b9e89ff7c34d4c9f3bfb54f520e325e70f1
[I 18:45:02.376 NotebookApp] Accepting one-time-token-authenticated connection from ::1
[I 18:47:16.390 NotebookApp] Kernel started: a1d8d50a-4657-4a1a-88e2-72d721b616a2
[I 18:47:24.208 NotebookApp] Adapting to protocol v5.1 for kernel a1d8d50a-4657-4a1a-88e2-72d721b616a2
[IPKernelApp] ERROR | No such comm target registered: jupyter.widget.version
[IPKernelApp] ERROR | No such comm target registered: jupyter.widget.version
[I 18:49:17.026 NotebookApp] Saving file at /exploratory-notebooks/NMF_model.ipynb
[I 18:51:16.266 NotebookApp] Saving file at /exploratory-notebooks/NMF_model.ipynb
[I 18:53:16.107 NotebookApp] Saving file at /exploratory-notebooks/NMF_model.ipynb
[I 18:55:16.129 NotebookApp] Saving file at /exploratory-notebooks/NMF_model.ipynb
[I 18:57:16.130 NotebookApp] Saving file at /exploratory-notebooks/NMF_model.ipynb
[I 18:57:32.711 NotebookApp] Saving file at /exploratory-notebooks/modules/nmf.py
[I 18:59:16.127 NotebookApp] Saving file at /exploratory-notebooks/NMF_model.ipynb
[I 19:01:16.092 NotebookApp] Saving file at /exploratory-notebooks/NMF_model.ipynb
[I 19:03:16.126 NotebookApp] Saving file at /exploratory-notebooks/NMF_model.ipynb
[I 19:55:15.989 NotebookApp] Saving file at /exploratory-notebooks/NMF_model.ipynb
[I 19:57:15.984 NotebookApp] Saving file at /exploratory-notebooks/NMF_model.ipynb
[I 19:59:16.811 NotebookApp] Saving file at /exploratory-notebooks/NMF_model.ipynb
[I 20:01:16.797 NotebookApp] Saving file at /exploratory-notebooks/NMF_model.ipynb
[I 20:11:15.957 NotebookApp] Saving file at /exploratory-notebooks/NMF_model.ipynb
[I 20:13:15.954 NotebookApp] Saving file at /exploratory-notebooks/NMF_model.ipynb
[I 20:37:16.730 NotebookApp] Saving file at /exploratory-notebooks/NMF_model.ipynb
[I 21:06:39.393 NotebookApp] Saving file at /exploratory-notebooks/modules/nmf.py
[I 23:43:16.357 NotebookApp] Saving file at /exploratory-notebooks/NMF_model.ipynb
[I 00:23:16.274 NotebookApp] Saving file at /exploratory-notebooks/NMF_model.ipynb
[I 01:09:30.464 NotebookApp] Saving file at /exploratory-notebooks/modules/nmf.py
[I 09:42:50.185 NotebookApp] Saving file at /exploratory-notebooks/NMF_model.ipynb
[I 09:44:50.177 NotebookApp] Saving file at /exploratory-notebooks/NMF_model.ipynb
[I 09:58:50.299 NotebookApp] Saving file at /exploratory-notebooks/NMF_model.ipynb
[I 10:10:47.064 NotebookApp] Saving file at /exploratory-notebooks/NMF_model.ipynb
[I 11:18:06.687 NotebookApp] Saving file at /exploratory-notebooks/modules/nmf.py
[I 11:22:46.974 NotebookApp] Saving file at /exploratory-notebooks/NMF_model.ipynb
[I 11:24:47.793 NotebookApp] Saving file at /exploratory-notebooks/NMF_model.ipynb
[I 11:28:26.159 NotebookApp] Saving file at /exploratory-notebooks/modules/nmf.py
[I 11:32:46.962 NotebookApp] Saving file at /exploratory-notebooks/NMF_model.ipynb
[I 11:38:46.952 NotebookApp] Saving file at /exploratory-notebooks/NMF_model.ipynb
[I 11:40:46.953 NotebookApp] Saving file at /exploratory-notebooks/NMF_model.ipynb
[I 12:08:13.699 NotebookApp] Saving file at /exploratory-notebooks/modules/nmf.py
[I 12:18:46.893 NotebookApp] Saving file at /exploratory-notebooks/NMF_model.ipynb
[I 12:20:47.714 NotebookApp] Saving file at /exploratory-notebooks/NMF_model.ipynb
[I 12:24:47.711 NotebookApp] Saving file at /exploratory-notebooks/NMF_model.ipynb
[I 15:10:58.030 NotebookApp] Saving file at /exploratory-notebooks/modules/nmf.py
[I 15:12:25.823 NotebookApp] Saving file at /exploratory-notebooks/NMF_model.ipynb
[I 15:18:25.258 NotebookApp] Saving file at /exploratory-notebooks/NMF_model.ipynb
[I 15:20:25.797 NotebookApp] Saving file at /exploratory-notebooks/NMF_model.ipynb
[I 15:27:20.087 NotebookApp] Saving file at /exploratory-notebooks/modules/nmf.py
[I 15:27:24.532 NotebookApp] Saving file at /exploratory-notebooks/modules/nmf.py
[I 15:28:19.450 NotebookApp] Saving file at /exploratory-notebooks/modules/nmf.py
[I 15:28:24.956 NotebookApp] Saving file at /exploratory-notebooks/NMF_model.ipynb
[I 15:28:37.577 NotebookApp] Saving file at /exploratory-notebooks/modules/nmf.py
[I 15:30:25.779 NotebookApp] Saving file at /exploratory-notebooks/NMF_model.ipynb
[I 15:56:27.075 NotebookApp] Saving file at /exploratory-notebooks/NMF_model.ipynb
[I 16:02:26.079 NotebookApp] Saving file at /exploratory-notebooks/NMF_model.ipynb
[I 16:10:25.757 NotebookApp] Saving file at /exploratory-notebooks/NMF_model.ipynb
[I 16:12:25.903 NotebookApp] Saving file at /exploratory-notebooks/NMF_model.ipynb
[I 16:14:27.926 NotebookApp] Saving file at /exploratory-notebooks/NMF_model.ipynb
[I 16:16:27.922 NotebookApp] Saving file at /exploratory-notebooks/NMF_model.ipynb
[I 16:18:28.657 NotebookApp] Saving file at /exploratory-notebooks/NMF_model.ipynb
[I 16:20:28.564 NotebookApp] Saving file at /exploratory-notebooks/NMF_model.ipynb
[I 16:22:27.914 NotebookApp] Saving file at /exploratory-notebooks/NMF_model.ipynb
[I 16:24:29.012 NotebookApp] Saving file at /exploratory-notebooks/NMF_model.ipynb
[I 16:26:27.912 NotebookApp] Saving file at /exploratory-notebooks/NMF_model.ipynb
[I 16:28:28.558 NotebookApp] Saving file at /exploratory-notebooks/NMF_model.ipynb
[I 16:32:27.902 NotebookApp] Saving file at /exploratory-notebooks/NMF_model.ipynb
[I 16:34:27.898 NotebookApp] Saving file at /exploratory-notebooks/NMF_model.ipynb
[I 16:36:27.895 NotebookApp] Saving file at /exploratory-notebooks/NMF_model.ipynb
[I 16:38:27.893 NotebookApp] Saving file at /exploratory-notebooks/NMF_model.ipynb
[I 16:40:28.540 NotebookApp] Saving file at /exploratory-notebooks/NMF_model.ipynb
[I 16:54:08.933 NotebookApp] Saving file at /exploratory-notebooks/modules/nmf.py
[I 16:56:16.354 NotebookApp] Saving file at /exploratory-notebooks/modules/nmf.py
[I 16:56:28.165 NotebookApp] Saving file at /exploratory-notebooks/NMF_model.ipynb
[I 16:57:39.447 NotebookApp] Saving file at /exploratory-notebooks/modules/nmf.py
[I 16:58:28.516 NotebookApp] Saving file at /exploratory-notebooks/NMF_model.ipynb
[I 17:00:28.510 NotebookApp] Saving file at /exploratory-notebooks/NMF_model.ipynb
[I 17:00:30.067 NotebookApp] Saving file at /exploratory-notebooks/modules/nmf.py
[I 17:02:28.640 NotebookApp] Saving file at /exploratory-notebooks/NMF_model.ipynb
[I 17:02:49.033 NotebookApp] Saving file at /exploratory-notebooks/modules/nmf.py
[I 17:04:27.852 NotebookApp] Saving file at /exploratory-notebooks/NMF_model.ipynb
[I 17:05:26.416 NotebookApp] Saving file at /exploratory-notebooks/modules/nmf.py
[I 17:06:27.846 NotebookApp] Saving file at /exploratory-notebooks/NMF_model.ipynb
[I 17:07:41.551 NotebookApp] Saving file at /exploratory-notebooks/modules/nmf.py
[I 17:08:28.722 NotebookApp] Saving file at /exploratory-notebooks/NMF_model.ipynb
[I 17:09:04.317 NotebookApp] Saving file at /exploratory-notebooks/modules/nmf.py
[I 17:09:15.648 NotebookApp] Kernel interrupted: a1d8d50a-4657-4a1a-88e2-72d721b616a2
[I 17:10:28.483 NotebookApp] Saving file at /exploratory-notebooks/NMF_model.ipynb
[I 17:11:25.115 NotebookApp] Saving file at /exploratory-notebooks/modules/nmf.py
[I 17:11:31.287 NotebookApp] Saving file at /exploratory-notebooks/modules/nmf.py
[I 17:12:17.751 NotebookApp] Saving file at /exploratory-notebooks/modules/nmf.py
[I 17:12:22.778 NotebookApp] Kernel interrupted: a1d8d50a-4657-4a1a-88e2-72d721b616a2
[I 17:12:27.834 NotebookApp] Saving file at /exploratory-notebooks/NMF_model.ipynb
[I 17:14:27.830 NotebookApp] Saving file at /exploratory-notebooks/NMF_model.ipynb
[I 17:16:27.840 NotebookApp] Saving file at /exploratory-notebooks/NMF_model.ipynb
[I 17:18:28.462 NotebookApp] Saving file at /exploratory-notebooks/NMF_model.ipynb
[I 17:20:28.460 NotebookApp] Saving file at /exploratory-notebooks/NMF_model.ipynb
[I 17:22:27.811 NotebookApp] Saving file at /exploratory-notebooks/NMF_model.ipynb
[I 17:24:28.449 NotebookApp] Saving file at /exploratory-notebooks/NMF_model.ipynb
[I 17:28:28.449 NotebookApp] Saving file at /exploratory-notebooks/NMF_model.ipynb
[I 17:30:28.437 NotebookApp] Saving file at /exploratory-notebooks/NMF_model.ipynb
[I 17:34:28.427 NotebookApp] Saving file at /exploratory-notebooks/NMF_model.ipynb
[I 17:38:28.420 NotebookApp] Saving file at /exploratory-notebooks/NMF_model.ipynb
[I 17:42:28.409 NotebookApp] Saving file at /exploratory-notebooks/NMF_model.ipynb
[I 17:44:28.407 NotebookApp] Saving file at /exploratory-notebooks/NMF_model.ipynb
[I 17:48:27.752 NotebookApp] Saving file at /exploratory-notebooks/NMF_model.ipynb
[I 17:52:28.390 NotebookApp] Saving file at /exploratory-notebooks/NMF_model.ipynb
[I 17:56:28.383 NotebookApp] Saving file at /exploratory-notebooks/NMF_model.ipynb
[I 18:02:28.451 NotebookApp] Saving file at /exploratory-notebooks/NMF_model.ipynb
[I 18:04:28.362 NotebookApp] Saving file at /exploratory-notebooks/NMF_model.ipynb
[I 18:05:25.241 NotebookApp] Kernel interrupted: a1d8d50a-4657-4a1a-88e2-72d721b616a2
[I 18:06:28.363 NotebookApp] Saving file at /exploratory-notebooks/NMF_model.ipynb
[I 18:08:27.706 NotebookApp] Saving file at /exploratory-notebooks/NMF_model.ipynb
[I 18:54:35.086 NotebookApp] Saving file at /exploratory-notebooks/NMF_model.ipynb
[I 18:57:49.287 NotebookApp] Saving file at /exploratory-notebooks/NMF_model.ipynb
[I 18:59:49.285 NotebookApp] Saving file at /exploratory-notebooks/NMF_model.ipynb
[I 19:01:49.279 NotebookApp] Saving file at /exploratory-notebooks/NMF_model.ipynb
[I 19:03:49.278 NotebookApp] Saving file at /exploratory-notebooks/NMF_model.ipynb
[I 19:55:48.330 NotebookApp] Saving file at /exploratory-notebooks/NMF_model.ipynb
[I 19:57:48.330 NotebookApp] Saving file at /exploratory-notebooks/NMF_model.ipynb
[I 19:59:48.973 NotebookApp] Saving file at /exploratory-notebooks/NMF_model.ipynb
[I 20:01:48.969 NotebookApp] Saving file at /exploratory-notebooks/NMF_model.ipynb
[I 20:03:48.963 NotebookApp] Saving file at /exploratory-notebooks/NMF_model.ipynb
[I 20:05:48.316 NotebookApp] Saving file at /exploratory-notebooks/NMF_model.ipynb
[I 20:07:48.954 NotebookApp] Saving file at /exploratory-notebooks/NMF_model.ipynb
[I 20:11:48.955 NotebookApp] Saving file at /exploratory-notebooks/NMF_model.ipynb
[I 20:13:48.952 NotebookApp] Saving file at /exploratory-notebooks/NMF_model.ipynb
[I 20:15:48.946 NotebookApp] Saving file at /exploratory-notebooks/NMF_model.ipynb
[I 20:19:48.939 NotebookApp] Saving file at /exploratory-notebooks/NMF_model.ipynb
[I 20:21:48.937 NotebookApp] Saving file at /exploratory-notebooks/NMF_model.ipynb
[I 20:23:48.933 NotebookApp] Saving file at /exploratory-notebooks/NMF_model.ipynb
[I 20:29:48.468 NotebookApp] Saving file at /exploratory-notebooks/NMF_model.ipynb
[I 20:31:48.919 NotebookApp] Saving file at /exploratory-notebooks/NMF_model.ipynb
[I 20:33:48.913 NotebookApp] Saving file at /exploratory-notebooks/NMF_model.ipynb
[I 20:37:48.406 NotebookApp] Saving file at /exploratory-notebooks/NMF_model.ipynb
[I 20:39:48.907 NotebookApp] Saving file at /exploratory-notebooks/NMF_model.ipynb
[I 20:41:48.260 NotebookApp] Saving file at /exploratory-notebooks/NMF_model.ipynb
[I 20:43:48.906 NotebookApp] Saving file at /exploratory-notebooks/NMF_model.ipynb
[I 20:47:48.894 NotebookApp] Saving file at /exploratory-notebooks/NMF_model.ipynb
[I 20:49:48.892 NotebookApp] Saving file at /exploratory-notebooks/NMF_model.ipynb
[I 20:51:48.238 NotebookApp] Saving file at /exploratory-notebooks/NMF_model.ipynb
[I 20:53:48.882 NotebookApp] Saving file at /exploratory-notebooks/NMF_model.ipynb
[I 20:57:40.622 NotebookApp] Kernel interrupted: a1d8d50a-4657-4a1a-88e2-72d721b616a2
[I 20:57:48.232 NotebookApp] Saving file at /exploratory-notebooks/NMF_model.ipynb
[I 20:59:47.605 NotebookApp] Kernel interrupted: a1d8d50a-4657-4a1a-88e2-72d721b616a2
[I 20:59:48.225 NotebookApp] Saving file at /exploratory-notebooks/NMF_model.ipynb
[I 21:01:48.871 NotebookApp] Saving file at /exploratory-notebooks/NMF_model.ipynb
[I 21:05:48.865 NotebookApp] Saving file at /exploratory-notebooks/NMF_model.ipynb
[I 21:09:48.879 NotebookApp] Saving file at /exploratory-notebooks/NMF_model.ipynb
[I 21:13:48.849 NotebookApp] Saving file at /exploratory-notebooks/NMF_model.ipynb
[I 21:17:48.862 NotebookApp] Saving file at /exploratory-notebooks/NMF_model.ipynb
[I 21:19:48.836 NotebookApp] Saving file at /exploratory-notebooks/NMF_model.ipynb
[I 21:23:48.824 NotebookApp] Saving file at /exploratory-notebooks/NMF_model.ipynb
[I 21:26:04.971 NotebookApp] Kernel interrupted: a1d8d50a-4657-4a1a-88e2-72d721b616a2
[I 21:27:48.168 NotebookApp] Saving file at /exploratory-notebooks/NMF_model.ipynb
[I 21:29:48.812 NotebookApp] Saving file at /exploratory-notebooks/NMF_model.ipynb
[I 21:31:48.157 NotebookApp] Saving file at /exploratory-notebooks/NMF_model.ipynb
[I 21:39:48.796 NotebookApp] Saving file at /exploratory-notebooks/NMF_model.ipynb
[I 21:41:48.789 NotebookApp] Saving file at /exploratory-notebooks/NMF_model.ipynb
[I 22:11:48.078 NotebookApp] Saving file at /exploratory-notebooks/NMF_model.ipynb
[I 22:15:48.067 NotebookApp] Saving file at /exploratory-notebooks/NMF_model.ipynb
[I 22:17:48.709 NotebookApp] Saving file at /exploratory-notebooks/NMF_model.ipynb
[I 22:29:48.686 NotebookApp] Saving file at /exploratory-notebooks/NMF_model.ipynb
[I 22:31:48.685 NotebookApp] Saving file at /exploratory-notebooks/NMF_model.ipynb
[I 22:37:48.672 NotebookApp] Saving file at /exploratory-notebooks/NMF_model.ipynb
[I 22:49:47.996 NotebookApp] Saving file at /exploratory-notebooks/NMF_model.ipynb
[I 22:51:48.638 NotebookApp] Saving file at /exploratory-notebooks/NMF_model.ipynb
[I 22:53:48.641 NotebookApp] Saving file at /exploratory-notebooks/NMF_model.ipynb
[I 22:55:48.629 NotebookApp] Saving file at /exploratory-notebooks/NMF_model.ipynb
[I 22:57:48.627 NotebookApp] Saving file at /exploratory-notebooks/NMF_model.ipynb
[I 22:59:48.625 NotebookApp] Saving file at /exploratory-notebooks/NMF_model.ipynb
[I 23:01:48.617 NotebookApp] Saving file at /exploratory-notebooks/NMF_model.ipynb
[I 23:03:48.617 NotebookApp] Saving file at /exploratory-notebooks/NMF_model.ipynb
[I 23:05:48.617 NotebookApp] Saving file at /exploratory-notebooks/NMF_model.ipynb
[I 23:07:48.607 NotebookApp] Saving file at /exploratory-notebooks/NMF_model.ipynb
[I 23:09:48.608 NotebookApp] Saving file at /exploratory-notebooks/NMF_model.ipynb
[I 23:11:48.597 NotebookApp] Saving file at /exploratory-notebooks/NMF_model.ipynb
[I 23:13:48.595 NotebookApp] Saving file at /exploratory-notebooks/NMF_model.ipynb
[I 23:15:48.590 NotebookApp] Saving file at /exploratory-notebooks/NMF_model.ipynb
[I 23:17:48.589 NotebookApp] Saving file at /exploratory-notebooks/NMF_model.ipynb
[I 23:19:47.934 NotebookApp] Saving file at /exploratory-notebooks/NMF_model.ipynb
[I 23:21:48.586 NotebookApp] Saving file at /exploratory-notebooks/NMF_model.ipynb
[I 23:23:48.583 NotebookApp] Saving file at /exploratory-notebooks/NMF_model.ipynb
[I 23:25:48.577 NotebookApp] Saving file at /exploratory-notebooks/NMF_model.ipynb
[I 23:27:48.565 NotebookApp] Saving file at /exploratory-notebooks/NMF_model.ipynb
[I 23:29:48.564 NotebookApp] Saving file at /exploratory-notebooks/NMF_model.ipynb
[I 23:31:48.570 NotebookApp] Saving file at /exploratory-notebooks/NMF_model.ipynb
[I 23:33:48.560 NotebookApp] Saving file at /exploratory-notebooks/NMF_model.ipynb
[I 23:35:48.554 NotebookApp] Saving file at /exploratory-notebooks/NMF_model.ipynb
[I 23:37:48.555 NotebookApp] Saving file at /exploratory-notebooks/NMF_model.ipynb
[I 23:39:48.545 NotebookApp] Saving file at /exploratory-notebooks/NMF_model.ipynb
[I 23:41:48.550 NotebookApp] Saving file at /exploratory-notebooks/NMF_model.ipynb
[I 23:43:48.540 NotebookApp] Saving file at /exploratory-notebooks/NMF_model.ipynb
[I 23:45:48.534 NotebookApp] Saving file at /exploratory-notebooks/NMF_model.ipynb
[I 23:47:48.537 NotebookApp] Saving file at /exploratory-notebooks/NMF_model.ipynb
[I 23:49:48.531 NotebookApp] Saving file at /exploratory-notebooks/NMF_model.ipynb
[I 23:51:48.522 NotebookApp] Saving file at /exploratory-notebooks/NMF_model.ipynb
[I 23:53:48.514 NotebookApp] Saving file at /exploratory-notebooks/NMF_model.ipynb
[I 23:55:48.511 NotebookApp] Saving file at /exploratory-notebooks/NMF_model.ipynb
[I 23:57:48.509 NotebookApp] Saving file at /exploratory-notebooks/NMF_model.ipynb
[I 23:59:48.529 NotebookApp] Saving file at /exploratory-notebooks/NMF_model.ipynb
[I 00:01:48.498 NotebookApp] Saving file at /exploratory-notebooks/NMF_model.ipynb
[I 00:03:48.494 NotebookApp] Saving file at /exploratory-notebooks/NMF_model.ipynb
[I 00:05:48.491 NotebookApp] Saving file at /exploratory-notebooks/NMF_model.ipynb
[I 00:07:48.485 NotebookApp] Saving file at /exploratory-notebooks/NMF_model.ipynb
[I 00:09:48.482 NotebookApp] Saving file at /exploratory-notebooks/NMF_model.ipynb
[I 00:11:48.480 NotebookApp] Saving file at /exploratory-notebooks/NMF_model.ipynb
[I 00:13:48.476 NotebookApp] Saving file at /exploratory-notebooks/NMF_model.ipynb
[I 00:15:48.471 NotebookApp] Saving file at /exploratory-notebooks/NMF_model.ipynb
[I 00:17:48.484 NotebookApp] Saving file at /exploratory-notebooks/NMF_model.ipynb
[I 00:19:48.464 NotebookApp] Saving file at /exploratory-notebooks/NMF_model.ipynb
[I 00:21:48.465 NotebookApp] Saving file at /exploratory-notebooks/NMF_model.ipynb
[I 00:23:48.461 NotebookApp] Saving file at /exploratory-notebooks/NMF_model.ipynb
[I 00:25:48.457 NotebookApp] Saving file at /exploratory-notebooks/NMF_model.ipynb
[I 00:27:48.454 NotebookApp] Saving file at /exploratory-notebooks/NMF_model.ipynb
[I 00:29:48.449 NotebookApp] Saving file at /exploratory-notebooks/NMF_model.ipynb
[I 00:31:48.444 NotebookApp] Saving file at /exploratory-notebooks/NMF_model.ipynb
[I 00:33:48.436 NotebookApp] Saving file at /exploratory-notebooks/NMF_model.ipynb
[I 00:35:47.788 NotebookApp] Saving file at /exploratory-notebooks/NMF_model.ipynb
[I 00:37:48.427 NotebookApp] Saving file at /exploratory-notebooks/NMF_model.ipynb
[I 00:39:48.424 NotebookApp] Saving file at /exploratory-notebooks/NMF_model.ipynb
[I 00:41:48.421 NotebookApp] Saving file at /exploratory-notebooks/NMF_model.ipynb
[I 00:43:48.418 NotebookApp] Saving file at /exploratory-notebooks/NMF_model.ipynb
[I 00:45:48.413 NotebookApp] Saving file at /exploratory-notebooks/NMF_model.ipynb
[I 00:47:48.405 NotebookApp] Saving file at /exploratory-notebooks/NMF_model.ipynb
[I 00:49:48.404 NotebookApp] Saving file at /exploratory-notebooks/NMF_model.ipynb
[I 00:51:48.397 NotebookApp] Saving file at /exploratory-notebooks/NMF_model.ipynb
[I 00:53:48.394 NotebookApp] Saving file at /exploratory-notebooks/NMF_model.ipynb
[I 00:55:48.395 NotebookApp] Saving file at /exploratory-notebooks/NMF_model.ipynb
[I 00:57:48.391 NotebookApp] Saving file at /exploratory-notebooks/NMF_model.ipynb
[I 00:59:48.387 NotebookApp] Saving file at /exploratory-notebooks/NMF_model.ipynb
[I 01:01:48.384 NotebookApp] Saving file at /exploratory-notebooks/NMF_model.ipynb
[I 01:03:48.375 NotebookApp] Saving file at /exploratory-notebooks/NMF_model.ipynb
[I 01:05:48.374 NotebookApp] Saving file at /exploratory-notebooks/NMF_model.ipynb
[I 01:07:48.369 NotebookApp] Saving file at /exploratory-notebooks/NMF_model.ipynb
[I 01:09:48.363 NotebookApp] Saving file at /exploratory-notebooks/NMF_model.ipynb
[I 01:11:48.361 NotebookApp] Saving file at /exploratory-notebooks/NMF_model.ipynb
[I 01:13:48.357 NotebookApp] Saving file at /exploratory-notebooks/NMF_model.ipynb
[I 01:15:48.356 NotebookApp] Saving file at /exploratory-notebooks/NMF_model.ipynb
[I 01:17:48.351 NotebookApp] Saving file at /exploratory-notebooks/NMF_model.ipynb
[I 01:19:48.347 NotebookApp] Saving file at /exploratory-notebooks/NMF_model.ipynb
[I 01:21:48.362 NotebookApp] Saving file at /exploratory-notebooks/NMF_model.ipynb
[I 01:23:48.337 NotebookApp] Saving file at /exploratory-notebooks/NMF_model.ipynb
[I 01:25:48.331 NotebookApp] Saving file at /exploratory-notebooks/NMF_model.ipynb
[I 01:27:48.327 NotebookApp] Saving file at /exploratory-notebooks/NMF_model.ipynb
[I 01:29:48.325 NotebookApp] Saving file at /exploratory-notebooks/NMF_model.ipynb
[I 01:31:48.319 NotebookApp] Saving file at /exploratory-notebooks/NMF_model.ipynb
[I 01:33:48.315 NotebookApp] Saving file at /exploratory-notebooks/NMF_model.ipynb
[I 01:35:48.315 NotebookApp] Saving file at /exploratory-notebooks/NMF_model.ipynb
[I 01:37:47.665 NotebookApp] Saving file at /exploratory-notebooks/NMF_model.ipynb
[I 01:38:12.125 NotebookApp] Kernel interrupted: a1d8d50a-4657-4a1a-88e2-72d721b616a2
[I 01:39:48.308 NotebookApp] Saving file at /exploratory-notebooks/NMF_model.ipynb
[I 01:41:47.650 NotebookApp] Saving file at /exploratory-notebooks/NMF_model.ipynb
[I 01:42:39.251 NotebookApp] Kernel interrupted: a1d8d50a-4657-4a1a-88e2-72d721b616a2
[I 01:43:48.298 NotebookApp] Saving file at /exploratory-notebooks/NMF_model.ipynb
[I 01:45:48.290 NotebookApp] Saving file at /exploratory-notebooks/NMF_model.ipynb
[I 01:47:48.290 NotebookApp] Saving file at /exploratory-notebooks/NMF_model.ipynb
[I 01:49:48.286 NotebookApp] Saving file at /exploratory-notebooks/NMF_model.ipynb
[I 01:51:48.280 NotebookApp] Saving file at /exploratory-notebooks/NMF_model.ipynb
[I 01:53:48.278 NotebookApp] Saving file at /exploratory-notebooks/NMF_model.ipynb
[I 01:55:48.272 NotebookApp] Saving file at /exploratory-notebooks/NMF_model.ipynb
[I 01:57:48.270 NotebookApp] Saving file at /exploratory-notebooks/NMF_model.ipynb
[I 01:59:48.276 NotebookApp] Saving file at /exploratory-notebooks/NMF_model.ipynb
[I 02:01:48.259 NotebookApp] Saving file at /exploratory-notebooks/NMF_model.ipynb
[I 02:03:48.252 NotebookApp] Saving file at /exploratory-notebooks/NMF_model.ipynb
[I 02:05:48.254 NotebookApp] Saving file at /exploratory-notebooks/NMF_model.ipynb
[I 02:07:48.252 NotebookApp] Saving file at /exploratory-notebooks/NMF_model.ipynb
[I 02:09:48.250 NotebookApp] Saving file at /exploratory-notebooks/NMF_model.ipynb
[I 02:11:48.243 NotebookApp] Saving file at /exploratory-notebooks/NMF_model.ipynb
[I 02:13:48.236 NotebookApp] Saving file at /exploratory-notebooks/NMF_model.ipynb
[I 02:15:48.232 NotebookApp] Saving file at /exploratory-notebooks/NMF_model.ipynb
[I 02:17:48.228 NotebookApp] Saving file at /exploratory-notebooks/NMF_model.ipynb
[I 02:19:48.223 NotebookApp] Saving file at /exploratory-notebooks/NMF_model.ipynb
[I 02:21:48.222 NotebookApp] Saving file at /exploratory-notebooks/NMF_model.ipynb
[I 02:23:48.216 NotebookApp] Saving file at /exploratory-notebooks/NMF_model.ipynb
[I 02:25:48.214 NotebookApp] Saving file at /exploratory-notebooks/NMF_model.ipynb
[I 02:27:48.209 NotebookApp] Saving file at /exploratory-notebooks/NMF_model.ipynb
[I 02:29:48.203 NotebookApp] Saving file at /exploratory-notebooks/NMF_model.ipynb
[I 02:31:48.200 NotebookApp] Saving file at /exploratory-notebooks/NMF_model.ipynb
[I 02:33:48.197 NotebookApp] Saving file at /exploratory-notebooks/NMF_model.ipynb
[I 02:35:48.190 NotebookApp] Saving file at /exploratory-notebooks/NMF_model.ipynb
[I 02:37:47.570 NotebookApp] Saving file at /exploratory-notebooks/NMF_model.ipynb
[I 02:39:48.181 NotebookApp] Saving file at /exploratory-notebooks/NMF_model.ipynb
[I 02:45:47.751 NotebookApp] Saving file at /exploratory-notebooks/NMF_model.ipynb
[I 02:47:48.168 NotebookApp] Saving file at /exploratory-notebooks/NMF_model.ipynb
[I 02:49:48.165 NotebookApp] Saving file at /exploratory-notebooks/NMF_model.ipynb
[I 02:51:48.170 NotebookApp] Saving file at /exploratory-notebooks/NMF_model.ipynb
[I 02:55:48.154 NotebookApp] Saving file at /exploratory-notebooks/NMF_model.ipynb
[I 02:57:48.150 NotebookApp] Saving file at /exploratory-notebooks/NMF_model.ipynb
[I 02:59:48.140 NotebookApp] Saving file at /exploratory-notebooks/NMF_model.ipynb
[I 03:01:48.143 NotebookApp] Saving file at /exploratory-notebooks/NMF_model.ipynb
[I 03:05:48.133 NotebookApp] Saving file at /exploratory-notebooks/NMF_model.ipynb
[I 03:07:48.129 NotebookApp] Saving file at /exploratory-notebooks/NMF_model.ipynb
[I 03:09:48.126 NotebookApp] Saving file at /exploratory-notebooks/NMF_model.ipynb
[I 03:11:48.179 NotebookApp] Saving file at /exploratory-notebooks/NMF_model.ipynb
[I 03:13:48.119 NotebookApp] Saving file at /exploratory-notebooks/NMF_model.ipynb
[I 09:58:32.655 NotebookApp] Kernel interrupted: a1d8d50a-4657-4a1a-88e2-72d721b616a2
[I 09:59:58.973 NotebookApp] Saving file at /exploratory-notebooks/NMF_model.ipynb
[I 10:01:58.961 NotebookApp] Saving file at /exploratory-notebooks/NMF_model.ipynb
[I 10:03:59.625 NotebookApp] Saving file at /exploratory-notebooks/NMF_model.ipynb
[I 10:15:56.765 NotebookApp] 302 GET /notebooks/exploratory-notebooks/ (::1) 0.69ms
[I 10:15:56.813 NotebookApp] 302 GET /notebooks/exploratory-notebooks (::1) 1.72ms
[I 10:16:21.978 NotebookApp] Creating new file in /exploratory-notebooks/modules
[W 10:16:49.860 NotebookApp] No such file or directory: exploratory-notebooks/NMF_model.ipynb
[W 10:16:49.914 NotebookApp] 404 GET /api/contents/exploratory-notebooks/NMF_model.ipynb?content=0&_=1511653634272 (::1) 418.28ms referer=http://localhost:8888/notebooks/exploratory-notebooks/NMF_model.ipynb
[I 10:16:49.926 NotebookApp] Uploading file to /exploratory-notebooks/NMF_model.ipynb
