[I 09:41:30.203 NotebookApp] The port 8888 is already in use, trying another port.
[I 09:41:30.204 NotebookApp] The port 8889 is already in use, trying another port.
[I 09:41:30.254 NotebookApp] Serving notebooks from local directory: /Users/user/Desktop/workspace/precrime/exploratory-notebooks
[I 09:41:30.254 NotebookApp] 0 active kernels
[I 09:41:30.254 NotebookApp] The Jupyter Notebook is running at:
[I 09:41:30.254 NotebookApp] http://localhost:8890/?token=68d89b4485abb104ce1dfbb84f97f6fce25deeb02a161ff2
[I 09:41:30.254 NotebookApp] Use Control-C to stop this server and shut down all kernels (twice to skip confirmation).
[C 09:41:30.255 NotebookApp] 
    
    Copy/paste this URL into your browser when you connect for the first time,
    to login with a token:
        http://localhost:8890/?token=68d89b4485abb104ce1dfbb84f97f6fce25deeb02a161ff2
[I 09:41:30.882 NotebookApp] Accepting one-time-token-authenticated connection from ::1
[W 09:41:47.501 NotebookApp] Notebook Prediction_Panpan.ipynb is not trusted
[W 09:41:47.572 NotebookApp] 404 GET /nbextensions/widgets/notebook/js/extension.js?v=20171202094128 (::1) 21.56ms referer=http://localhost:8890/notebooks/Prediction_Panpan.ipynb
[I 09:41:49.958 NotebookApp] Kernel started: 0a131e98-372f-4b71-9c03-3f263d918708
[I 09:41:51.732 NotebookApp] Adapting to protocol v5.1 for kernel 0a131e98-372f-4b71-9c03-3f263d918708
[I 09:41:52.151 NotebookApp] Creating new notebook in 
[I 09:41:53.672 NotebookApp] Kernel started: 1774f225-7379-4d47-ab2d-28ed7328affc
[W 09:41:53.946 NotebookApp] 404 GET /nbextensions/widgets/notebook/js/extension.js?v=20171202094128 (::1) 3.52ms referer=http://localhost:8890/notebooks/Untitled.ipynb?kernel_name=python3
[I 09:41:54.750 NotebookApp] Adapting to protocol v5.1 for kernel 1774f225-7379-4d47-ab2d-28ed7328affc
[I 09:42:47.438 NotebookApp] Creating new file in /modules
[I 09:43:49.978 NotebookApp] Saving file at /Prediction_Panpan.ipynb
[W 09:43:49.989 NotebookApp] Notebook Prediction_Panpan.ipynb is not trusted
[I 09:43:54.114 NotebookApp] Saving file at /GB_regression.ipynb
[I 09:45:53.951 NotebookApp] Saving file at /GB_regression.ipynb
[I 10:03:53.722 NotebookApp] Saving file at /GB_regression.ipynb
[I 10:04:53.732 NotebookApp] Saving file at /GB_regression.ipynb
[I 10:05:53.712 NotebookApp] Saving file at /GB_regression.ipynb
[I 10:07:53.949 NotebookApp] Saving file at /GB_regression.ipynb
[I 10:09:54.026 NotebookApp] Saving file at /GB_regression.ipynb
[I 10:25:03.849 NotebookApp] Kernel interrupted: 1774f225-7379-4d47-ab2d-28ed7328affc
[I 10:25:53.855 NotebookApp] Saving file at /GB_regression.ipynb
[I 10:27:53.857 NotebookApp] Saving file at /GB_regression.ipynb
[I 11:01:38.250 NotebookApp] Kernel interrupted: 1774f225-7379-4d47-ab2d-28ed7328affc
[I 11:01:53.614 NotebookApp] Saving file at /GB_regression.ipynb
[I 11:03:53.783 NotebookApp] Saving file at /GB_regression.ipynb
[I 11:05:53.778 NotebookApp] Saving file at /GB_regression.ipynb
[I 11:11:53.765 NotebookApp] Saving file at /GB_regression.ipynb
[I 11:13:53.516 NotebookApp] Saving file at /GB_regression.ipynb
[I 11:15:53.513 NotebookApp] Saving file at /GB_regression.ipynb
[I 11:16:14.665 NotebookApp] Kernel interrupted: 1774f225-7379-4d47-ab2d-28ed7328affc
[I 11:17:53.508 NotebookApp] Saving file at /GB_regression.ipynb
[I 11:19:01.474 NotebookApp] Starting buffering for 0a131e98-372f-4b71-9c03-3f263d918708:AC6D9B4E8D81426599E831365A900DDF
[W 11:19:20.301 NotebookApp] Notebook Prediction.ipynb is not trusted
[W 11:19:20.368 NotebookApp] 404 GET /nbextensions/widgets/notebook/js/extension.js?v=20171202094128 (::1) 2.94ms referer=http://localhost:8890/notebooks/Prediction.ipynb
[I 11:19:22.521 NotebookApp] Kernel started: 2c5a60ce-27c3-4a07-9f2b-5e5a2fb0fd99
[I 11:19:27.307 NotebookApp] Adapting to protocol v5.1 for kernel 2c5a60ce-27c3-4a07-9f2b-5e5a2fb0fd99
[I 11:19:53.748 NotebookApp] Saving file at /GB_regression.ipynb
[I 11:21:18.027 NotebookApp] Starting buffering for 2c5a60ce-27c3-4a07-9f2b-5e5a2fb0fd99:100C733CC41847E08205E13F1E63A18D
[I 11:21:58.744 NotebookApp] Saving file at /GB_regression.ipynb
[I 11:56:23.412 NotebookApp] Kernel interrupted: 1774f225-7379-4d47-ab2d-28ed7328affc
[I 11:57:58.095 NotebookApp] Saving file at /GB_regression.ipynb
[I 11:59:58.673 NotebookApp] Saving file at /GB_regression.ipynb
[I 12:03:48.203 NotebookApp] Kernel interrupted: 1774f225-7379-4d47-ab2d-28ed7328affc
[I 12:03:58.083 NotebookApp] Saving file at /GB_regression.ipynb
[I 12:05:58.078 NotebookApp] Saving file at /GB_regression.ipynb
[I 12:07:47.790 NotebookApp] Kernel interrupted: 1774f225-7379-4d47-ab2d-28ed7328affc
[I 12:07:58.397 NotebookApp] Saving file at /GB_regression.ipynb
[I 12:09:58.068 NotebookApp] Saving file at /GB_regression.ipynb
[I 12:11:58.645 NotebookApp] Saving file at /GB_regression.ipynb
[I 12:13:58.644 NotebookApp] Saving file at /GB_regression.ipynb
[I 12:15:58.640 NotebookApp] Saving file at /GB_regression.ipynb
[I 12:17:58.642 NotebookApp] Saving file at /GB_regression.ipynb
[I 12:19:58.051 NotebookApp] Saving file at /GB_regression.ipynb
[I 12:21:58.634 NotebookApp] Saving file at /GB_regression.ipynb
[I 12:23:58.623 NotebookApp] Saving file at /GB_regression.ipynb
[I 12:25:58.040 NotebookApp] Saving file at /GB_regression.ipynb
[I 12:27:58.619 NotebookApp] Saving file at /GB_regression.ipynb
[I 12:33:58.613 NotebookApp] Saving file at /GB_regression.ipynb
[I 12:35:58.604 NotebookApp] Saving file at /GB_regression.ipynb
[I 12:39:58.596 NotebookApp] Saving file at /GB_regression.ipynb
[I 12:41:58.589 NotebookApp] Saving file at /GB_regression.ipynb
[I 12:45:58.578 NotebookApp] Saving file at /GB_regression.ipynb
[I 12:47:58.580 NotebookApp] Saving file at /GB_regression.ipynb
[I 12:51:58.567 NotebookApp] Saving file at /GB_regression.ipynb
[I 12:53:58.562 NotebookApp] Saving file at /GB_regression.ipynb
[I 12:55:58.559 NotebookApp] Saving file at /GB_regression.ipynb
[I 12:57:57.975 NotebookApp] Saving file at /GB_regression.ipynb
[I 12:59:58.551 NotebookApp] Saving file at /GB_regression.ipynb
[I 13:01:58.544 NotebookApp] Saving file at /GB_regression.ipynb
[I 13:03:58.549 NotebookApp] Saving file at /GB_regression.ipynb
[I 13:05:58.535 NotebookApp] Saving file at /GB_regression.ipynb
[I 13:07:58.529 NotebookApp] Saving file at /GB_regression.ipynb
[I 13:09:58.530 NotebookApp] Saving file at /GB_regression.ipynb
[I 13:11:58.523 NotebookApp] Saving file at /GB_regression.ipynb
[I 13:13:57.940 NotebookApp] Saving file at /GB_regression.ipynb
[I 13:15:57.936 NotebookApp] Saving file at /GB_regression.ipynb
[I 13:17:58.522 NotebookApp] Saving file at /GB_regression.ipynb
[I 13:19:58.512 NotebookApp] Saving file at /GB_regression.ipynb
[I 13:23:58.513 NotebookApp] Saving file at /GB_regression.ipynb
[I 13:25:58.512 NotebookApp] Saving file at /GB_regression.ipynb
[I 13:29:58.498 NotebookApp] Saving file at /GB_regression.ipynb
[I 13:33:58.491 NotebookApp] Saving file at /GB_regression.ipynb
[I 13:37:58.483 NotebookApp] Saving file at /GB_regression.ipynb
[I 13:43:58.474 NotebookApp] Saving file at /GB_regression.ipynb
[I 13:49:58.463 NotebookApp] Saving file at /GB_regression.ipynb
[I 13:53:58.457 NotebookApp] Saving file at /GB_regression.ipynb
[I 13:55:57.868 NotebookApp] Saving file at /GB_regression.ipynb
[I 13:57:57.866 NotebookApp] Saving file at /GB_regression.ipynb
[I 13:59:58.446 NotebookApp] Saving file at /GB_regression.ipynb
[I 14:01:58.443 NotebookApp] Saving file at /GB_regression.ipynb
[I 14:05:58.432 NotebookApp] Saving file at /GB_regression.ipynb
[I 14:11:57.856 NotebookApp] Saving file at /GB_regression.ipynb
[I 14:13:58.423 NotebookApp] Saving file at /GB_regression.ipynb
[I 14:15:58.412 NotebookApp] Saving file at /GB_regression.ipynb
[I 14:17:58.405 NotebookApp] Saving file at /GB_regression.ipynb
[I 14:19:58.405 NotebookApp] Saving file at /GB_regression.ipynb
[I 14:21:58.407 NotebookApp] Saving file at /GB_regression.ipynb
[I 14:23:58.394 NotebookApp] Saving file at /GB_regression.ipynb
[I 14:25:58.390 NotebookApp] Saving file at /GB_regression.ipynb
[I 14:27:58.385 NotebookApp] Saving file at /GB_regression.ipynb
[I 14:29:58.386 NotebookApp] Saving file at /GB_regression.ipynb
[I 14:31:58.382 NotebookApp] Saving file at /GB_regression.ipynb
[I 14:35:58.385 NotebookApp] Saving file at /GB_regression.ipynb
[I 14:37:58.373 NotebookApp] Saving file at /GB_regression.ipynb
[I 14:41:58.361 NotebookApp] Saving file at /GB_regression.ipynb
[I 14:45:58.352 NotebookApp] Saving file at /GB_regression.ipynb
[I 14:47:58.348 NotebookApp] Saving file at /GB_regression.ipynb
[I 14:51:58.338 NotebookApp] Saving file at /GB_regression.ipynb
[I 14:55:58.335 NotebookApp] Saving file at /GB_regression.ipynb
[I 14:57:58.335 NotebookApp] Saving file at /GB_regression.ipynb
[I 15:01:57.736 NotebookApp] Saving file at /GB_regression.ipynb
